Start testing: Jul 05 03:55 CST
----------------------------------------------------------
31/169 Testing: t_webget
31/169 Test: t_webget
Command: "/home/kche/work/cs144/lab0/CS144-Sponge/tests/webget_t.sh"
Directory: /home/kche/work/cs144/lab0/CS144-Sponge/build
"t_webget" start time: Jul 05 03:55 CST
Output:
----------------------------------------------------------
<end of output>
Test time =   0.01 sec
----------------------------------------------------------
Test Passed.
"t_webget" end time: Jul 05 03:55 CST
"t_webget" time elapsed: 00:00:00
----------------------------------------------------------

End testing: Jul 05 03:55 CST
